<?xml version="1.0" encoding="UTF-8"?>
<!-- Generated by org.testng.reporters.JUnitReportReporter -->
<testsuite skipped="0" hostname="DESKTOP-JTUNDND" name="mx.com.agmc.poc.selenium.initial.TestCaseUno" tests="1" failures="0" timestamp="18 ago 2017 19:18:12 GMT" time="15.924" errors="0">
  <testcase name="verifyGoogleSearch" time="15.924" classname="mx.com.agmc.poc.selenium.initial.TestCaseUno"/>
</testsuite> <!-- mx.com.agmc.poc.selenium.initial.TestCaseUno -->
