<?xml version="1.0" encoding="UTF-8"?>
<!-- Generated by org.testng.reporters.JUnitReportReporter -->
<testsuite skipped="0" hostname="DESKTOP-JTUNDND" name="mx.com.acg.poc.selenium.basic.test.simple.TestBasicPhantomJS" tests="1" failures="0" timestamp="19 ago 2017 00:57:03 GMT" time="19.323" errors="0">
  <testcase name="verifyGoogleSearch" time="19.323" classname="mx.com.acg.poc.selenium.basic.test.simple.TestBasicPhantomJS"/>
</testsuite> <!-- mx.com.acg.poc.selenium.basic.test.simple.TestBasicPhantomJS -->
